<?xml version="1.0" encoding="UTF-8"?>
<testsuites name="jest tests" tests="48" failures="3" errors="0" time="113.372">
  <testsuite name="E2E: Middleware Integration Tests" errors="0" failures="0" skipped="0" timestamp="2025-10-03T22:20:29" time="18.646" tests="19">
    <testcase classname="E2E: Middleware Integration Tests Configuration Validation should have valid configuration object" name="E2E: Middleware Integration Tests Configuration Validation should have valid configuration object" time="0.02">
    </testcase>
    <testcase classname="E2E: Middleware Integration Tests Configuration Validation should set environment correctly" name="E2E: Middleware Integration Tests Configuration Validation should set environment correctly" time="0.016">
    </testcase>
    <testcase classname="E2E: Middleware Integration Tests Health Check &amp; Basic Response should respond to health check" name="E2E: Middleware Integration Tests Health Check &amp; Basic Response should respond to health check" time="0.063">
    </testcase>
    <testcase classname="E2E: Middleware Integration Tests Health Check &amp; Basic Response should have security headers from Helmet" name="E2E: Middleware Integration Tests Health Check &amp; Basic Response should have security headers from Helmet" time="0.034">
    </testcase>
    <testcase classname="E2E: Middleware Integration Tests Health Check &amp; Basic Response should have CORS headers configured" name="E2E: Middleware Integration Tests Health Check &amp; Basic Response should have CORS headers configured" time="0.025">
    </testcase>
    <testcase classname="E2E: Middleware Integration Tests Rate Limiting Functionality should apply API rate limiting with correct headers" name="E2E: Middleware Integration Tests Rate Limiting Functionality should apply API rate limiting with correct headers" time="0.033">
    </testcase>
    <testcase classname="E2E: Middleware Integration Tests Rate Limiting Functionality should apply auth rate limiting with stricter limits" name="E2E: Middleware Integration Tests Rate Limiting Functionality should apply auth rate limiting with stricter limits" time="0.047">
    </testcase>
    <testcase classname="E2E: Middleware Integration Tests Rate Limiting Functionality should track requests per endpoint separately" name="E2E: Middleware Integration Tests Rate Limiting Functionality should track requests per endpoint separately" time="0.04">
    </testcase>
    <testcase classname="E2E: Middleware Integration Tests Logging Middleware should log incoming requests" name="E2E: Middleware Integration Tests Logging Middleware should log incoming requests" time="0.022">
    </testcase>
    <testcase classname="E2E: Middleware Integration Tests Logging Middleware should log successful responses" name="E2E: Middleware Integration Tests Logging Middleware should log successful responses" time="0.025">
    </testcase>
    <testcase classname="E2E: Middleware Integration Tests Logging Middleware should log error responses with WARN level" name="E2E: Middleware Integration Tests Logging Middleware should log error responses with WARN level" time="0.027">
    </testcase>
    <testcase classname="E2E: Middleware Integration Tests Error Handling &amp; Validation should handle validation errors correctly" name="E2E: Middleware Integration Tests Error Handling &amp; Validation should handle validation errors correctly" time="0.029">
    </testcase>
    <testcase classname="E2E: Middleware Integration Tests Error Handling &amp; Validation should handle missing body" name="E2E: Middleware Integration Tests Error Handling &amp; Validation should handle missing body" time="0.028">
    </testcase>
    <testcase classname="E2E: Middleware Integration Tests Error Handling &amp; Validation should return 404 for non-existent routes" name="E2E: Middleware Integration Tests Error Handling &amp; Validation should return 404 for non-existent routes" time="0.022">
    </testcase>
    <testcase classname="E2E: Middleware Integration Tests Error Handling &amp; Validation should handle malformed JSON" name="E2E: Middleware Integration Tests Error Handling &amp; Validation should handle malformed JSON" time="0.038">
    </testcase>
    <testcase classname="E2E: Middleware Integration Tests Compression &amp; Content Handling should set correct content type for JSON" name="E2E: Middleware Integration Tests Compression &amp; Content Handling should set correct content type for JSON" time="0.026">
    </testcase>
    <testcase classname="E2E: Middleware Integration Tests Compression &amp; Content Handling should handle URL encoded data" name="E2E: Middleware Integration Tests Compression &amp; Content Handling should handle URL encoded data" time="0.03">
    </testcase>
    <testcase classname="E2E: Middleware Integration Tests Performance &amp; Concurrent Requests should handle multiple concurrent requests" name="E2E: Middleware Integration Tests Performance &amp; Concurrent Requests should handle multiple concurrent requests" time="0.064">
    </testcase>
    <testcase classname="E2E: Middleware Integration Tests Performance &amp; Concurrent Requests should respond within reasonable time" name="E2E: Middleware Integration Tests Performance &amp; Concurrent Requests should respond within reasonable time" time="0.025">
    </testcase>
  </testsuite>
  <testsuite name="E2E: Server Core Flows" errors="0" failures="0" skipped="0" timestamp="2025-10-03T22:20:47" time="23.322" tests="18">
    <testcase classname="E2E: Server Core Flows Configuration &amp; Health Check should respond to health check with correct structure" name="E2E: Server Core Flows Configuration &amp; Health Check should respond to health check with correct structure" time="0.033">
    </testcase>
    <testcase classname="E2E: Server Core Flows Configuration &amp; Health Check should have correct CORS headers" name="E2E: Server Core Flows Configuration &amp; Health Check should have correct CORS headers" time="0.033">
    </testcase>
    <testcase classname="E2E: Server Core Flows Configuration &amp; Health Check should have security headers (Helmet)" name="E2E: Server Core Flows Configuration &amp; Health Check should have security headers (Helmet)" time="0.024">
    </testcase>
    <testcase classname="E2E: Server Core Flows Rate Limiting should apply general rate limiting to API routes" name="E2E: Server Core Flows Rate Limiting should apply general rate limiting to API routes" time="0.026">
    </testcase>
    <testcase classname="E2E: Server Core Flows Rate Limiting should apply stricter rate limiting to auth routes" name="E2E: Server Core Flows Rate Limiting should apply stricter rate limiting to auth routes" time="0.032">
    </testcase>
    <testcase classname="E2E: Server Core Flows Rate Limiting should track rate limits per IP" name="E2E: Server Core Flows Rate Limiting should track rate limits per IP" time="0.045">
    </testcase>
    <testcase classname="E2E: Server Core Flows Logging Integration should log incoming requests" name="E2E: Server Core Flows Logging Integration should log incoming requests" time="0.036">
    </testcase>
    <testcase classname="E2E: Server Core Flows Logging Integration should log HTTP responses with metrics" name="E2E: Server Core Flows Logging Integration should log HTTP responses with metrics" time="0.094">
    </testcase>
    <testcase classname="E2E: Server Core Flows Logging Integration should log errors with appropriate level" name="E2E: Server Core Flows Logging Integration should log errors with appropriate level" time="0.051">
    </testcase>
    <testcase classname="E2E: Server Core Flows API Validation &amp; Error Handling should validate request bodies" name="E2E: Server Core Flows API Validation &amp; Error Handling should validate request bodies" time="0.039">
    </testcase>
    <testcase classname="E2E: Server Core Flows API Validation &amp; Error Handling should handle missing request body" name="E2E: Server Core Flows API Validation &amp; Error Handling should handle missing request body" time="0.031">
    </testcase>
    <testcase classname="E2E: Server Core Flows API Validation &amp; Error Handling should return JSON error responses" name="E2E: Server Core Flows API Validation &amp; Error Handling should return JSON error responses" time="0.033">
    </testcase>
    <testcase classname="E2E: Server Core Flows WebSocket Integration should initialize WebSocket server without errors" name="E2E: Server Core Flows WebSocket Integration should initialize WebSocket server without errors" time="0.032">
    </testcase>
    <testcase classname="E2E: Server Core Flows API Routes Structure should mount API v2 routes correctly" name="E2E: Server Core Flows API Routes Structure should mount API v2 routes correctly" time="0.041">
    </testcase>
    <testcase classname="E2E: Server Core Flows API Routes Structure should handle non-existent routes" name="E2E: Server Core Flows API Routes Structure should handle non-existent routes" time="0.03">
    </testcase>
    <testcase classname="E2E: Server Core Flows API Routes Structure should handle invalid HTTP methods" name="E2E: Server Core Flows API Routes Structure should handle invalid HTTP methods" time="0.03">
    </testcase>
    <testcase classname="E2E: Server Core Flows Compression &amp; Performance should compress responses when appropriate" name="E2E: Server Core Flows Compression &amp; Performance should compress responses when appropriate" time="0.03">
    </testcase>
    <testcase classname="E2E: Server Core Flows Compression &amp; Performance should handle concurrent requests" name="E2E: Server Core Flows Compression &amp; Performance should handle concurrent requests" time="0.092">
    </testcase>
  </testsuite>
  <testsuite name="Bookings ETag/If-Match contracts" errors="0" failures="2" skipped="0" timestamp="2025-10-03T22:21:11" time="12.869" tests="3">
    <testcase classname="Bookings ETag/If-Match contracts performs ETag/If-Match flow end-to-end" name="Bookings ETag/If-Match contracts performs ETag/If-Match flow end-to-end" time="0.199">
    </testcase>
    <testcase classname="Bookings ETag/If-Match contracts rejects weak ETag format in If-Match (expects numeric version)" name="Bookings ETag/If-Match contracts rejects weak ETag format in If-Match (expects numeric version)" time="0.033">
      <failure>Error: expected 200 &quot;OK&quot;, got 401 &quot;Unauthorized&quot;
    at Object.&lt;anonymous&gt; (/app/packages/api/src/__tests__/bookings.locking.test.ts:86:66)
    at Promise.then.completed (/app/node_modules/.pnpm/jest-circus@29.7.0/node_modules/jest-circus/build/utils.js:298:28)
    at new Promise (&lt;anonymous&gt;)
    at callAsyncCircusFn (/app/node_modules/.pnpm/jest-circus@29.7.0/node_modules/jest-circus/build/utils.js:231:10)
    at _callCircusTest (/app/node_modules/.pnpm/jest-circus@29.7.0/node_modules/jest-circus/build/run.js:316:40)
    at _runTest (/app/node_modules/.pnpm/jest-circus@29.7.0/node_modules/jest-circus/build/run.js:252:3)
    at _runTestsForDescribeBlock (/app/node_modules/.pnpm/jest-circus@29.7.0/node_modules/jest-circus/build/run.js:126:9)
    at _runTestsForDescribeBlock (/app/node_modules/.pnpm/jest-circus@29.7.0/node_modules/jest-circus/build/run.js:121:9)
    at run (/app/node_modules/.pnpm/jest-circus@29.7.0/node_modules/jest-circus/build/run.js:71:3)
    at runAndTransformResultsToJestFormat (/app/node_modules/.pnpm/jest-circus@29.7.0/node_modules/jest-circus/build/legacy-code-todo-rewrite/jestAdapterInit.js:122:21)
    at jestAdapter (/app/node_modules/.pnpm/jest-circus@29.7.0/node_modules/jest-circus/build/legacy-code-todo-rewrite/jestAdapter.js:79:19)
    at runTestInternal (/app/node_modules/.pnpm/jest-runner@29.7.0/node_modules/jest-runner/build/runTest.js:367:16)
    at runTest (/app/node_modules/.pnpm/jest-runner@29.7.0/node_modules/jest-runner/build/runTest.js:444:34)
----
    at Test._assertStatus (/app/node_modules/.pnpm/supertest@6.3.4/node_modules/supertest/lib/test.js:252:14)
    at /app/node_modules/.pnpm/supertest@6.3.4/node_modules/supertest/lib/test.js:308:13
    at Test._assertFunction (/app/node_modules/.pnpm/supertest@6.3.4/node_modules/supertest/lib/test.js:285:13)
    at Test.assert (/app/node_modules/.pnpm/supertest@6.3.4/node_modules/supertest/lib/test.js:164:23)
    at Server.localAssert (/app/node_modules/.pnpm/supertest@6.3.4/node_modules/supertest/lib/test.js:120:14)
    at Object.onceWrapper (node:events:638:28)
    at Server.emit (node:events:524:28)
    at emitCloseNT (node:net:2344:8)
    at processTicksAndRejections (node:internal/process/task_queues:81:21)</failure>
    </testcase>
    <testcase classname="Bookings ETag/If-Match contracts deleteWithLock second call returns 412 (version mismatch/idempotency via guard)" name="Bookings ETag/If-Match contracts deleteWithLock second call returns 412 (version mismatch/idempotency via guard)" time="0.03">
      <failure>Error: expected 200 &quot;OK&quot;, got 401 &quot;Unauthorized&quot;
    at Object.&lt;anonymous&gt; (/app/packages/api/src/__tests__/bookings.locking.test.ts:99:66)
    at Promise.then.completed (/app/node_modules/.pnpm/jest-circus@29.7.0/node_modules/jest-circus/build/utils.js:298:28)
    at new Promise (&lt;anonymous&gt;)
    at callAsyncCircusFn (/app/node_modules/.pnpm/jest-circus@29.7.0/node_modules/jest-circus/build/utils.js:231:10)
    at _callCircusTest (/app/node_modules/.pnpm/jest-circus@29.7.0/node_modules/jest-circus/build/run.js:316:40)
    at _runTest (/app/node_modules/.pnpm/jest-circus@29.7.0/node_modules/jest-circus/build/run.js:252:3)
    at _runTestsForDescribeBlock (/app/node_modules/.pnpm/jest-circus@29.7.0/node_modules/jest-circus/build/run.js:126:9)
    at _runTestsForDescribeBlock (/app/node_modules/.pnpm/jest-circus@29.7.0/node_modules/jest-circus/build/run.js:121:9)
    at run (/app/node_modules/.pnpm/jest-circus@29.7.0/node_modules/jest-circus/build/run.js:71:3)
    at runAndTransformResultsToJestFormat (/app/node_modules/.pnpm/jest-circus@29.7.0/node_modules/jest-circus/build/legacy-code-todo-rewrite/jestAdapterInit.js:122:21)
    at jestAdapter (/app/node_modules/.pnpm/jest-circus@29.7.0/node_modules/jest-circus/build/legacy-code-todo-rewrite/jestAdapter.js:79:19)
    at runTestInternal (/app/node_modules/.pnpm/jest-runner@29.7.0/node_modules/jest-runner/build/runTest.js:367:16)
    at runTest (/app/node_modules/.pnpm/jest-runner@29.7.0/node_modules/jest-runner/build/runTest.js:444:34)
----
    at Test._assertStatus (/app/node_modules/.pnpm/supertest@6.3.4/node_modules/supertest/lib/test.js:252:14)
    at /app/node_modules/.pnpm/supertest@6.3.4/node_modules/supertest/lib/test.js:308:13
    at Test._assertFunction (/app/node_modules/.pnpm/supertest@6.3.4/node_modules/supertest/lib/test.js:285:13)
    at Test.assert (/app/node_modules/.pnpm/supertest@6.3.4/node_modules/supertest/lib/test.js:164:23)
    at Server.localAssert (/app/node_modules/.pnpm/supertest@6.3.4/node_modules/supertest/lib/test.js:120:14)
    at Object.onceWrapper (node:events:638:28)
    at Server.emit (node:events:524:28)
    at emitCloseNT (node:net:2344:8)
    at processTicksAndRejections (node:internal/process/task_queues:81:21)</failure>
    </testcase>
  </testsuite>
  <testsuite name="Notifications security and concurrency" errors="0" failures="1" skipped="0" timestamp="2025-10-03T22:21:24" time="13.541" tests="2">
    <testcase classname="Notifications security and concurrency denies cross-company notification access (404)" name="Notifications security and concurrency denies cross-company notification access (404)" time="0.065">
    </testcase>
    <testcase classname="Notifications security and concurrency markAllAsRead is idempotent under concurrency" name="Notifications security and concurrency markAllAsRead is idempotent under concurrency" time="0.15">
      <failure>PrismaClientKnownRequestError: 
Invalid `prisma.notification.create()` invocation in
/app/packages/api/src/__tests__/notifications.security.test.ts:55:27

  52 it(&apos;markAllAsRead is idempotent under concurrency&apos;, async () =&gt; {
  53   // Seed unread notifications for j1 user
  54   const batch = Array.from({ length: 5 }).map((_, i) =&gt;
→ 55     prisma.notification.create(
Foreign key constraint violated on the constraint: `Notification_userId_fkey`
    at ei.handleRequestError (/app/node_modules/.pnpm/@prisma+client@6.16.3_prisma@6.16.3_typescript@5.8.3__typescript@5.8.3/node_modules/@prisma/client/src/runtime/RequestHandler.ts:228:13)
    at ei.handleAndLogRequestError (/app/node_modules/.pnpm/@prisma+client@6.16.3_prisma@6.16.3_typescript@5.8.3__typescript@5.8.3/node_modules/@prisma/client/src/runtime/RequestHandler.ts:174:12)
    at ei.request (/app/node_modules/.pnpm/@prisma+client@6.16.3_prisma@6.16.3_typescript@5.8.3__typescript@5.8.3/node_modules/@prisma/client/src/runtime/RequestHandler.ts:143:12)
    at a (/app/node_modules/.pnpm/@prisma+client@6.16.3_prisma@6.16.3_typescript@5.8.3__typescript@5.8.3/node_modules/@prisma/client/src/runtime/getPrismaClient.ts:833:24)
    at async Promise.all (index 0)
    at Object.&lt;anonymous&gt; (/app/packages/api/src/__tests__/notifications.security.test.ts:67:5)</failure>
    </testcase>
  </testsuite>
  <testsuite name="WS booking events (cookie-first auth)" errors="0" failures="0" skipped="0" timestamp="2025-10-03T22:21:37" time="9.715" tests="1">
    <testcase classname="WS booking events (cookie-first auth) receives booking:create via company room using cookie auth" name="WS booking events (cookie-first auth) receives booking:create via company room using cookie auth" time="0.086">
    </testcase>
  </testsuite>
  <testsuite name="Auth login companyCode enforcement" errors="0" failures="0" skipped="0" timestamp="2025-10-03T22:21:47" time="13.105" tests="3">
    <testcase classname="Auth login companyCode enforcement succeeds with correct companyCode" name="Auth login companyCode enforcement succeeds with correct companyCode" time="0.316">
    </testcase>
    <testcase classname="Auth login companyCode enforcement fails without companyCode" name="Auth login companyCode enforcement fails without companyCode" time="0.127">
    </testcase>
    <testcase classname="Auth login companyCode enforcement rejects valid email/password but wrong companyCode (or rate-limits)" name="Auth login companyCode enforcement rejects valid email/password but wrong companyCode (or rate-limits)" time="0.148">
    </testcase>
  </testsuite>
  <testsuite name="Rate limiting on auth login (dev thresholds)" errors="0" failures="0" skipped="0" timestamp="2025-10-03T22:22:00" time="10.858" tests="1">
    <testcase classname="Rate limiting on auth login (dev thresholds) returns 429 after exceeding attempts" name="Rate limiting on auth login (dev thresholds) returns 429 after exceeding attempts" time="0.264">
    </testcase>
  </testsuite>
  <testsuite name="Middleware headers &amp; CORS exposure" errors="0" failures="0" skipped="0" timestamp="2025-10-03T22:22:11" time="10.46" tests="1">
    <testcase classname="Middleware headers &amp; CORS exposure sets X-Request-ID on /health" name="Middleware headers &amp; CORS exposure sets X-Request-ID on /health" time="0.054">
    </testcase>
  </testsuite>
</testsuites>