<?xml version="1.0" encoding="UTF-8"?>
<testsuites name="jest tests" tests="17" failures="0" errors="0" time="8.426">
  <testsuite name="BookingModal interactions" errors="0" failures="0" skipped="0" timestamp="2025-10-08T07:33:23" time="4.71" tests="4">
    <testcase classname="BookingModal interactions renders booking form fields when opened" name="BookingModal interactions renders booking form fields when opened" time="0.134">
    </testcase>
    <testcase classname="BookingModal interactions submits new booking and calls createBooking with mapped payload" name="BookingModal interactions submits new booking and calls createBooking with mapped payload" time="0.11">
    </testcase>
    <testcase classname="BookingModal interactions submits existing booking and calls updateBooking" name="BookingModal interactions submits existing booking and calls updateBooking" time="0.951">
    </testcase>
    <testcase classname="BookingModal interactions displays error message when submission fails" name="BookingModal interactions displays error message when submission fails" time="0.13">
    </testcase>
  </testsuite>
  <testsuite name="MainLayout" errors="0" failures="0" skipped="0" timestamp="2025-10-08T07:33:28" time="1.621" tests="8">
    <testcase classname="MainLayout renders all layout components when authenticated" name="MainLayout renders all layout components when authenticated" time="0.006">
    </testcase>
    <testcase classname="MainLayout displays user information" name="MainLayout displays user information" time="0.002">
    </testcase>
    <testcase classname="MainLayout renders children inside app frame" name="MainLayout renders children inside app frame" time="0.003">
    </testcase>
    <testcase classname="MainLayout includes toast provider for notifications" name="MainLayout includes toast provider for notifications" time="0.002">
    </testcase>
    <testcase classname="MainLayout includes messenger container" name="MainLayout includes messenger container" time="0.002">
    </testcase>
    <testcase classname="MainLayout includes log viewer for debugging" name="MainLayout includes log viewer for debugging" time="0.002">
    </testcase>
    <testcase classname="MainLayout renders empty content gracefully" name="MainLayout renders empty content gracefully" time="0.002">
    </testcase>
    <testcase classname="MainLayout renders with fragment children" name="MainLayout renders with fragment children" time="0.003">
    </testcase>
  </testsuite>
  <testsuite name="ToastProvider" errors="0" failures="0" skipped="0" timestamp="2025-10-08T07:33:30" time="0.448" tests="2">
    <testcase classname="ToastProvider adds and removes toast manually" name="ToastProvider adds and removes toast manually" time="0.013">
    </testcase>
    <testcase classname="ToastProvider auto-dismisses toast after duration" name="ToastProvider auto-dismisses toast after duration" time="0.006">
    </testcase>
  </testsuite>
  <testsuite name="Calendar renders" errors="0" failures="0" skipped="0" timestamp="2025-10-08T07:33:30" time="0.893" tests="1">
    <testcase classname="Calendar renders should render calendar components and reservation data" name="Calendar renders should render calendar components and reservation data" time="0.013">
    </testcase>
  </testsuite>
  <testsuite name="Login Authentication System" errors="0" failures="0" skipped="0" timestamp="2025-10-08T07:33:31" time="0.089" tests="2">
    <testcase classname="Login Authentication System should use HttpOnly cookies for authentication" name="Login Authentication System should use HttpOnly cookies for authentication" time="0.001">
    </testcase>
    <testcase classname="Login Authentication System should handle authentication without localStorage tokens" name="Login Authentication System should handle authentication without localStorage tokens" time="0">
    </testcase>
  </testsuite>
</testsuites>